2018-05-01 21:01:27,327 INFO: Myblog startup [E:\代码\my_blog\my_blog\app.py:31]
2018-05-01 21:01:38,911 INFO: Myblog startup [E:\代码\my_blog\my_blog\app.py:31]
2018-05-02 22:41:45,926 INFO: Myblog startup [E:\代码\my_blog\my_blog\app.py:31]
2018-05-03 00:47:43,391 INFO: Myblog startup [.\app.py:36]
2018-05-03 00:47:44,604 INFO: Myblog startup [.\app.py:36]
2018-05-03 01:13:08,189 INFO: Myblog startup [.\app.py:36]
2018-05-03 01:13:08,894 INFO: Myblog startup [.\app.py:36]
2018-05-03 01:13:46,288 INFO: Myblog startup [.\app.py:36]
2018-05-03 22:17:30,181 INFO: Myblog startup [.\app.py:36]
2018-05-03 22:26:57,933 INFO: Myblog startup [E:\代码\my_blog\my_blog\app.py:36]
2018-05-03 23:05:55,232 INFO: Myblog startup [E:\代码\my_blog\my_blog\app.py:36]
2018-05-03 23:17:27,950 INFO: Myblog startup [E:\代码\my_blog\my_blog\app.py:36]
2018-05-03 23:19:38,065 INFO: Myblog startup [E:\代码\my_blog\my_blog\app.py:36]
2018-05-03 23:19:57,772 ERROR: Exception on /admin/delete/3 [GET] [E:\代码\my_blog\venv\lib\site-packages\flask\app.py:1560]
Traceback (most recent call last):
  File "E:\代码\my_blog\venv\lib\site-packages\flask\app.py", line 1982, in wsgi_app
    response = self.full_dispatch_request()
  File "E:\代码\my_blog\venv\lib\site-packages\flask\app.py", line 1614, in full_dispatch_request
    rv = self.handle_user_exception(e)
  File "E:\代码\my_blog\venv\lib\site-packages\flask\app.py", line 1517, in handle_user_exception
    reraise(exc_type, exc_value, tb)
  File "E:\代码\my_blog\venv\lib\site-packages\flask\_compat.py", line 33, in reraise
    raise value
  File "E:\代码\my_blog\venv\lib\site-packages\flask\app.py", line 1612, in full_dispatch_request
    rv = self.dispatch_request()
  File "E:\代码\my_blog\venv\lib\site-packages\flask\app.py", line 1598, in dispatch_request
    return self.view_functions[rule.endpoint](**req.view_args)
  File "E:\代码\my_blog\venv\lib\site-packages\flask_login\utils.py", line 261, in decorated_view
    return func(*args, **kwargs)
TypeError: delete() got an unexpected keyword argument 'topicId'
2018-05-03 23:23:26,733 INFO: Myblog startup [E:\代码\my_blog\my_blog\app.py:36]
2018-05-03 23:23:31,669 ERROR: Exception on /admin/delete/3 [GET] [E:\代码\my_blog\venv\lib\site-packages\flask\app.py:1560]
Traceback (most recent call last):
  File "E:\代码\my_blog\venv\lib\site-packages\flask\app.py", line 1982, in wsgi_app
    response = self.full_dispatch_request()
  File "E:\代码\my_blog\venv\lib\site-packages\flask\app.py", line 1614, in full_dispatch_request
    rv = self.handle_user_exception(e)
  File "E:\代码\my_blog\venv\lib\site-packages\flask\app.py", line 1517, in handle_user_exception
    reraise(exc_type, exc_value, tb)
  File "E:\代码\my_blog\venv\lib\site-packages\flask\_compat.py", line 33, in reraise
    raise value
  File "E:\代码\my_blog\venv\lib\site-packages\flask\app.py", line 1612, in full_dispatch_request
    rv = self.dispatch_request()
  File "E:\代码\my_blog\venv\lib\site-packages\flask\app.py", line 1598, in dispatch_request
    return self.view_functions[rule.endpoint](**req.view_args)
  File "E:\代码\my_blog\venv\lib\site-packages\flask_login\utils.py", line 261, in decorated_view
    return func(*args, **kwargs)
TypeError: delete() got an unexpected keyword argument 'topicId'
2018-05-03 23:25:51,568 INFO: Myblog startup [E:\代码\my_blog\my_blog\app.py:36]
2018-05-03 23:25:54,960 ERROR: Exception on /admin/delete/3 [GET] [E:\代码\my_blog\venv\lib\site-packages\flask\app.py:1560]
Traceback (most recent call last):
  File "E:\代码\my_blog\venv\lib\site-packages\flask\app.py", line 1982, in wsgi_app
    response = self.full_dispatch_request()
  File "E:\代码\my_blog\venv\lib\site-packages\flask\app.py", line 1614, in full_dispatch_request
    rv = self.handle_user_exception(e)
  File "E:\代码\my_blog\venv\lib\site-packages\flask\app.py", line 1517, in handle_user_exception
    reraise(exc_type, exc_value, tb)
  File "E:\代码\my_blog\venv\lib\site-packages\flask\_compat.py", line 33, in reraise
    raise value
  File "E:\代码\my_blog\venv\lib\site-packages\flask\app.py", line 1612, in full_dispatch_request
    rv = self.dispatch_request()
  File "E:\代码\my_blog\venv\lib\site-packages\flask\app.py", line 1598, in dispatch_request
    return self.view_functions[rule.endpoint](**req.view_args)
  File "E:\代码\my_blog\venv\lib\site-packages\flask_login\utils.py", line 261, in decorated_view
    return func(*args, **kwargs)
  File "E:\代码\my_blog\my_blog\view_fun\admin.py", line 110, in delete
    topic = t.query.filter_by(id=TopicId)
NameError: name 'TopicId' is not defined
2018-05-03 23:25:57,265 ERROR: Exception on /admin/delete/3 [GET] [E:\代码\my_blog\venv\lib\site-packages\flask\app.py:1560]
Traceback (most recent call last):
  File "E:\代码\my_blog\venv\lib\site-packages\flask\app.py", line 1982, in wsgi_app
    response = self.full_dispatch_request()
  File "E:\代码\my_blog\venv\lib\site-packages\flask\app.py", line 1614, in full_dispatch_request
    rv = self.handle_user_exception(e)
  File "E:\代码\my_blog\venv\lib\site-packages\flask\app.py", line 1517, in handle_user_exception
    reraise(exc_type, exc_value, tb)
  File "E:\代码\my_blog\venv\lib\site-packages\flask\_compat.py", line 33, in reraise
    raise value
  File "E:\代码\my_blog\venv\lib\site-packages\flask\app.py", line 1612, in full_dispatch_request
    rv = self.dispatch_request()
  File "E:\代码\my_blog\venv\lib\site-packages\flask\app.py", line 1598, in dispatch_request
    return self.view_functions[rule.endpoint](**req.view_args)
  File "E:\代码\my_blog\venv\lib\site-packages\flask_login\utils.py", line 261, in decorated_view
    return func(*args, **kwargs)
  File "E:\代码\my_blog\my_blog\view_fun\admin.py", line 110, in delete
    topic = t.query.filter_by(id=TopicId)
NameError: name 'TopicId' is not defined
2018-05-03 23:26:17,722 INFO: Myblog startup [E:\代码\my_blog\my_blog\app.py:36]
2018-05-03 23:26:26,063 ERROR: Exception on /admin/delete/3 [GET] [E:\代码\my_blog\venv\lib\site-packages\flask\app.py:1560]
Traceback (most recent call last):
  File "E:\代码\my_blog\venv\lib\site-packages\sqlalchemy\orm\session.py", line 1808, in delete
    state = attributes.instance_state(instance)
AttributeError: 'BaseQuery' object has no attribute '_sa_instance_state'

During handling of the above exception, another exception occurred:

Traceback (most recent call last):
  File "E:\代码\my_blog\venv\lib\site-packages\flask\app.py", line 1982, in wsgi_app
    response = self.full_dispatch_request()
  File "E:\代码\my_blog\venv\lib\site-packages\flask\app.py", line 1614, in full_dispatch_request
    rv = self.handle_user_exception(e)
  File "E:\代码\my_blog\venv\lib\site-packages\flask\app.py", line 1517, in handle_user_exception
    reraise(exc_type, exc_value, tb)
  File "E:\代码\my_blog\venv\lib\site-packages\flask\_compat.py", line 33, in reraise
    raise value
  File "E:\代码\my_blog\venv\lib\site-packages\flask\app.py", line 1612, in full_dispatch_request
    rv = self.dispatch_request()
  File "E:\代码\my_blog\venv\lib\site-packages\flask\app.py", line 1598, in dispatch_request
    return self.view_functions[rule.endpoint](**req.view_args)
  File "E:\代码\my_blog\venv\lib\site-packages\flask_login\utils.py", line 261, in decorated_view
    return func(*args, **kwargs)
  File "E:\代码\my_blog\my_blog\view_fun\admin.py", line 111, in delete
    db.session.delete(topic)
  File "E:\代码\my_blog\venv\lib\site-packages\sqlalchemy\orm\scoping.py", line 153, in do
    return getattr(self.registry(), name)(*args, **kwargs)
  File "E:\代码\my_blog\venv\lib\site-packages\sqlalchemy\orm\session.py", line 1810, in delete
    raise exc.UnmappedInstanceError(instance)
sqlalchemy.orm.exc.UnmappedInstanceError: Class 'flask_sqlalchemy.BaseQuery' is not mapped
2018-05-03 23:26:56,100 INFO: Myblog startup [E:\代码\my_blog\my_blog\app.py:36]
2018-05-03 23:30:20,412 INFO: Myblog startup [E:\代码\my_blog\my_blog\app.py:36]
2018-05-03 23:30:59,978 INFO: Myblog startup [E:\代码\my_blog\my_blog\app.py:36]
2018-05-03 23:32:15,106 INFO: Myblog startup [E:\代码\my_blog\my_blog\app.py:36]
2018-05-03 23:36:02,775 INFO: Myblog startup [E:\代码\my_blog\my_blog\app.py:36]
2018-05-03 23:37:41,910 INFO: Myblog startup [E:\代码\my_blog\my_blog\app.py:36]
2018-05-04 00:10:18,011 INFO: Myblog startup [.\app.py:36]
2018-05-04 00:10:18,974 INFO: Myblog startup [.\app.py:36]
2018-05-04 00:10:54,171 INFO: Myblog startup [.\app.py:36]
2018-05-04 00:10:54,841 INFO: Myblog startup [.\app.py:36]
2018-05-06 14:23:35,474 INFO: Myblog startup [.\app.py:36]
2018-05-06 14:23:36,716 INFO: Myblog startup [.\app.py:36]
2018-05-06 15:14:52,932 INFO: Myblog startup [.\app.py:36]
2018-05-06 15:14:53,638 INFO: Myblog startup [.\app.py:36]
2018-05-06 15:24:54,027 INFO: Myblog startup [.\app.py:36]
2018-05-06 15:24:54,703 INFO: Myblog startup [.\app.py:36]
2018-05-06 21:44:23,893 INFO: Myblog startup [.\app.py:36]
2018-05-06 21:44:24,929 INFO: Myblog startup [.\app.py:36]
2018-05-06 21:44:56,420 INFO: Myblog startup [.\app.py:36]
2018-05-06 21:44:57,081 INFO: Myblog startup [.\app.py:36]
2018-05-07 22:19:40,940 INFO: Myblog startup [.\app.py:36]
2018-05-07 22:19:42,275 INFO: Myblog startup [.\app.py:36]
2018-05-07 22:22:57,208 INFO: Myblog startup [.\app.py:36]
2018-05-07 22:22:57,917 INFO: Myblog startup [.\app.py:36]
2018-05-07 22:23:23,494 INFO: Myblog startup [.\app.py:36]
2018-05-07 22:23:24,190 INFO: Myblog startup [.\app.py:36]
2018-05-07 22:24:21,884 INFO: Myblog startup [.\app.py:36]
2018-05-07 22:24:22,589 INFO: Myblog startup [.\app.py:36]
2018-05-07 22:30:03,827 INFO: Myblog startup [.\app.py:36]
2018-05-07 22:30:04,506 INFO: Myblog startup [.\app.py:36]
2018-05-11 21:47:39,397 INFO: Myblog startup [.\app.py:36]
2018-05-11 21:47:40,493 INFO: Myblog startup [.\app.py:36]
2018-05-11 21:49:42,849 INFO: Myblog startup [.\app.py:36]
2018-05-11 21:51:17,397 INFO: Myblog startup [.\app.py:36]
2018-05-11 21:51:49,719 INFO: Myblog startup [.\app.py:36]
2018-05-11 21:55:25,046 INFO: Myblog startup [.\app.py:36]
2018-05-11 21:57:26,515 INFO: Myblog startup [.\app.py:36]
2018-05-11 21:59:33,213 INFO: Myblog startup [.\app.py:36]
2018-05-11 22:00:52,697 INFO: Myblog startup [.\app.py:36]
2018-05-11 22:01:23,529 INFO: Myblog startup [.\app.py:36]
2018-05-11 22:01:38,344 INFO: Myblog startup [.\app.py:36]
2018-05-11 22:02:00,665 INFO: Myblog startup [.\app.py:36]
2018-05-11 22:51:26,754 INFO: Myblog startup [.\app.py:36]
2018-05-11 22:51:27,689 INFO: Myblog startup [.\app.py:36]
2018-05-11 22:55:28,490 INFO: Myblog startup [.\app.py:36]
2018-05-11 22:56:03,763 INFO: Myblog startup [.\app.py:36]
2018-05-11 22:57:25,181 INFO: Myblog startup [.\app.py:36]
2018-05-11 22:59:50,019 INFO: Myblog startup [.\app.py:36]
2018-05-11 23:00:51,051 INFO: Myblog startup [.\app.py:36]
2018-05-11 23:01:21,066 INFO: Myblog startup [.\app.py:36]
2018-05-11 23:02:28,537 INFO: Myblog startup [.\app.py:36]
2018-05-11 23:06:26,247 INFO: Myblog startup [.\app.py:36]
2018-05-11 23:07:09,324 INFO: Myblog startup [.\app.py:36]
2018-05-11 23:33:16,975 INFO: Myblog startup [.\app.py:36]
2018-05-12 00:05:51,290 INFO: Myblog startup [.\app.py:36]
2018-05-13 21:42:06,713 INFO: Myblog startup [.\app.py:36]
2018-05-13 21:42:08,074 INFO: Myblog startup [.\app.py:36]
2018-05-13 21:43:23,193 INFO: Myblog startup [.\app.py:36]
2018-05-13 21:47:31,201 INFO: Myblog startup [.\app.py:36]
2018-05-13 21:48:32,330 INFO: Myblog startup [.\app.py:36]
2018-05-13 21:49:26,863 INFO: Myblog startup [.\app.py:36]
2018-05-13 21:50:43,478 INFO: Myblog startup [.\app.py:36]
2018-05-13 22:06:38,856 INFO: Myblog startup [.\app.py:36]
2018-05-13 22:11:56,918 INFO: Myblog startup [.\app.py:36]
2018-05-13 22:14:29,555 INFO: Myblog startup [.\app.py:36]
2018-05-13 22:16:43,583 INFO: Myblog startup [.\app.py:36]
2018-05-13 22:17:45,916 INFO: Myblog startup [.\app.py:36]
2018-05-13 22:18:33,077 INFO: Myblog startup [.\app.py:36]
2018-05-13 22:18:53,342 INFO: Myblog startup [.\app.py:36]
2018-05-13 22:19:43,732 INFO: Myblog startup [.\app.py:36]
2018-05-13 22:25:18,786 INFO: Myblog startup [.\app.py:34]
2018-05-13 22:25:19,458 INFO: Myblog startup [.\app.py:34]
2018-05-13 23:07:10,666 INFO: Myblog startup [.\app.py:35]
2018-05-13 23:07:11,783 INFO: Myblog startup [.\app.py:35]
2018-05-13 23:10:43,698 INFO: Myblog startup [.\app.py:35]
2018-05-13 23:14:52,806 INFO: Myblog startup [.\app.py:35]
2018-05-13 23:16:59,727 INFO: Myblog startup [.\app.py:35]
2018-05-13 23:19:01,900 INFO: Myblog startup [.\app.py:35]
2018-05-13 23:20:06,687 INFO: Myblog startup [.\app.py:35]
2018-05-13 23:23:01,276 INFO: Myblog startup [.\app.py:35]
2018-05-13 23:25:55,854 INFO: Myblog startup [.\app.py:35]
2018-05-13 23:27:43,938 INFO: Myblog startup [.\app.py:35]
2018-05-13 23:28:24,269 INFO: Myblog startup [.\app.py:35]
2018-05-13 23:31:19,789 INFO: Myblog startup [.\app.py:35]
2018-05-13 23:52:49,024 INFO: Myblog startup [.\app.py:35]
2018-05-13 23:52:50,073 INFO: Myblog startup [.\app.py:35]
2018-05-13 23:54:13,796 INFO: Myblog startup [.\app.py:35]
2018-05-13 23:56:42,920 INFO: Myblog startup [.\app.py:35]
2018-05-14 00:01:12,051 INFO: Myblog startup [.\app.py:35]
2018-05-14 00:01:27,854 INFO: Myblog startup [.\app.py:35]
2018-05-14 00:02:37,103 INFO: Myblog startup [.\app.py:35]
2018-05-14 00:03:17,378 INFO: Myblog startup [.\app.py:35]
2018-05-23 22:53:10,970 INFO: Myblog startup [.\app.py:35]
2018-05-23 22:53:12,986 INFO: Myblog startup [.\app.py:35]
2018-05-23 23:10:20,135 INFO: Myblog startup [.\app.py:35]
2018-05-23 23:15:57,866 INFO: Myblog startup [.\app.py:35]
2018-05-23 23:17:39,796 INFO: Myblog startup [.\app.py:35]
2018-05-23 23:20:30,965 INFO: Myblog startup [.\app.py:35]
2018-05-24 22:44:26,580 INFO: Myblog startup [.\app.py:35]
2018-05-24 22:44:28,214 INFO: Myblog startup [.\app.py:35]
2018-05-24 22:46:05,203 INFO: Myblog startup [.\app.py:35]
2018-05-24 22:48:34,957 INFO: Myblog startup [.\app.py:35]
2018-05-24 22:52:30,607 INFO: Myblog startup [.\app.py:35]
2018-05-24 22:54:00,691 INFO: Myblog startup [.\app.py:35]
2018-05-24 22:54:01,421 INFO: Myblog startup [.\app.py:35]
2018-05-24 22:58:39,048 INFO: Myblog startup [.\app.py:35]
2018-05-24 22:59:36,799 INFO: Myblog startup [.\app.py:35]
2018-05-24 23:02:13,349 INFO: Myblog startup [.\app.py:35]
2018-05-24 23:04:51,878 INFO: Myblog startup [.\app.py:35]
2018-05-24 23:05:46,478 INFO: Myblog startup [.\app.py:35]
2018-05-24 23:06:23,927 INFO: Myblog startup [.\app.py:35]
2018-05-24 23:06:59,263 INFO: Myblog startup [.\app.py:35]
2018-05-24 23:07:49,326 INFO: Myblog startup [.\app.py:35]
2018-05-24 23:09:38,587 INFO: Myblog startup [.\app.py:35]
2018-05-24 23:10:31,077 INFO: Myblog startup [.\app.py:35]
2018-05-24 23:12:00,677 INFO: Myblog startup [.\app.py:35]
2018-05-24 23:12:01,423 INFO: Myblog startup [.\app.py:35]
2018-05-24 23:15:50,610 INFO: Myblog startup [.\app.py:35]
2018-05-24 23:15:51,556 INFO: Myblog startup [.\app.py:35]
2018-05-24 23:17:27,603 INFO: Myblog startup [.\app.py:35]
2018-05-24 23:19:05,842 INFO: Myblog startup [.\app.py:35]
2018-05-24 23:20:15,348 INFO: Myblog startup [.\app.py:35]
2018-05-24 23:23:25,588 INFO: Myblog startup [.\app.py:35]
2018-05-29 23:10:02,320 INFO: Myblog startup [.\app.py:35]
2018-05-29 23:10:03,878 INFO: Myblog startup [.\app.py:35]
2018-05-29 23:15:30,032 INFO: Myblog startup [.\app.py:35]
2018-05-29 23:16:32,939 INFO: Myblog startup [.\app.py:35]
2018-05-29 23:25:32,812 INFO: Myblog startup [.\app.py:35]
2018-05-29 23:26:49,194 INFO: Myblog startup [.\app.py:35]
2018-05-30 00:13:25,944 INFO: Myblog startup [.\app.py:35]
2018-05-30 00:15:29,416 INFO: Myblog startup [.\app.py:35]
2018-05-30 00:15:44,180 INFO: Myblog startup [.\app.py:35]
2018-05-30 00:15:49,354 INFO: Myblog startup [.\app.py:35]
2018-05-30 00:16:19,304 INFO: Myblog startup [.\app.py:35]
2018-05-30 00:16:20,173 INFO: Myblog startup [.\app.py:35]
2018-05-30 22:38:50,721 INFO: Myblog startup [.\app.py:35]
2018-05-30 22:39:19,601 INFO: Myblog startup [E:\代码\my_blog\my_blog\app.py:35]
2018-05-30 22:48:02,494 INFO: Myblog startup [.\app.py:35]
2018-05-30 22:54:12,531 INFO: Myblog startup [.\app.py:35]
2018-05-30 22:55:07,773 INFO: Myblog startup [.\app.py:35]
2018-05-30 22:55:27,808 INFO: Myblog startup [.\app.py:35]
2018-05-30 22:57:17,671 INFO: Myblog startup [.\app.py:35]
2018-05-30 22:58:27,417 INFO: Myblog startup [.\app.py:35]
2018-05-30 22:58:42,566 INFO: Myblog startup [.\app.py:35]
2018-05-30 23:03:48,393 INFO: Myblog startup [.\app.py:35]
2018-05-30 23:05:32,265 INFO: Myblog startup [.\app.py:35]
2018-05-30 23:06:07,410 INFO: Myblog startup [.\app.py:35]
2018-05-30 23:08:47,521 INFO: Myblog startup [.\app.py:35]
2018-05-30 23:10:25,245 INFO: Myblog startup [.\app.py:35]
2018-05-30 23:12:48,769 INFO: Myblog startup [.\app.py:35]
2018-05-30 23:14:33,048 INFO: Myblog startup [.\app.py:35]
2018-05-30 23:14:33,880 INFO: Myblog startup [.\app.py:35]
2018-05-30 23:33:43,418 INFO: Myblog startup [.\app.py:35]
2018-05-30 23:33:45,776 INFO: Myblog startup [.\app.py:35]
2018-05-30 23:37:33,429 INFO: Myblog startup [.\app.py:35]
2018-05-30 23:43:29,526 INFO: Myblog startup [.\app.py:35]
2018-05-30 23:44:23,663 INFO: Myblog startup [.\app.py:35]
2018-05-30 23:45:14,697 INFO: Myblog startup [.\app.py:35]
2018-05-30 23:47:08,210 INFO: Myblog startup [E:\代码\my_blog\my_blog\app.py:35]
2018-05-30 23:58:08,144 INFO: Myblog startup [.\app.py:35]
